Using pre-set license
Built from '2020.3/release' branch; Version is '2020.3.2f1 (8fd9074bf66c) revision 9427207'; Using compiler version '192528614'; Build Type 'Release'
OS: 'Windows 10 Home; OS build 19041.985; Version 2004; 64bit' Language: 'en' Physical Memory: 16111 MB
BatchMode: 1, IsHumanControllingUs: 0, StartBugReporterOnCrash: 0, Is64bit: 1, IsPro: 0

 COMMAND LINE ARGUMENTS:
C:\Program Files\Unity\Hub\Editor\2020.3.2f1\Editor\Unity.exe
-adb2
-batchMode
-noUpm
-name
AssetImportWorker0
-projectPath
C:/Users/samle/OneDrive/Documents/GitHub/MobileGame/MobileGame
-logFile
Logs/AssetImportWorker0.log
-srvPort
61091
Successfully changed project path to: C:/Users/samle/OneDrive/Documents/GitHub/MobileGame/MobileGame
C:/Users/samle/OneDrive/Documents/GitHub/MobileGame/MobileGame
Using Asset Import Pipeline V2.
Refreshing native plugins compatible for Editor in 23.79 ms, found 0 plugins.
Preloading 0 native plugins for Editor in 0.00 ms.
Initialize engine version: 2020.3.2f1 (8fd9074bf66c)
[Subsystems] Discovering subsystems at path C:/Program Files/Unity/Hub/Editor/2020.3.2f1/Editor/Data/Resources/UnitySubsystems
[Subsystems] Discovering subsystems at path C:/Users/samle/OneDrive/Documents/GitHub/MobileGame/MobileGame/Assets
GfxDevice: creating device client; threaded=0
Direct3D:
    Version:  Direct3D 11.0 [level 11.1]
    Renderer: NVIDIA GeForce GTX 1650 (ID=0x1f91)
    Vendor:   
    VRAM:     3964 MB
    Driver:   27.21.14.6231
Initialize mono
Mono path[0] = 'C:/Program Files/Unity/Hub/Editor/2020.3.2f1/Editor/Data/Managed'
Mono path[1] = 'C:/Program Files/Unity/Hub/Editor/2020.3.2f1/Editor/Data/MonoBleedingEdge/lib/mono/unityjit'
Mono config path = 'C:/Program Files/Unity/Hub/Editor/2020.3.2f1/Editor/Data/MonoBleedingEdge/etc'
Using monoOptions --debugger-agent=transport=dt_socket,embedding=1,server=y,suspend=n,address=127.0.0.1:56956
Begin MonoManager ReloadAssembly
Registering precompiled unity dll's ...
Register platform support module: C:/Program Files/Unity/Hub/Editor/2020.3.2f1/Editor/Data/PlaybackEngines/WindowsStandaloneSupport/UnityEditor.WindowsStandalone.Extensions.dll
Registered in 0.001785 seconds.
Native extension for WindowsStandalone target not found
Refreshing native plugins compatible for Editor in 22.28 ms, found 0 plugins.
Preloading 0 native plugins for Editor in 0.00 ms.
Invoked RoslynAnalysisRunner static constructor.
RoslynAnalysisRunner will not be running.
RoslynAnalysisRunner has terminated.
Mono: successfully reloaded assembly
- Completed reload, in  2.149 seconds
Platform modules already initialized, skipping
Registering precompiled user dll's ...
Registered in 0.001486 seconds.
Begin MonoManager ReloadAssembly
Native extension for WindowsStandalone target not found
Refreshing native plugins compatible for Editor in 0.20 ms, found 0 plugins.
Preloading 0 native plugins for Editor in 0.00 ms.
Invoked RoslynAnalysisRunner static constructor.
RoslynAnalysisRunner will not be running.
RoslynAnalysisRunner has terminated.
Mono: successfully reloaded assembly
- Completed reload, in  0.836 seconds
Platform modules already initialized, skipping
========================================================================
Worker process is ready to serve import requests
Launched and connected shader compiler UnityShaderCompiler.exe after 0.04 seconds
Refreshing native plugins compatible for Editor in 0.21 ms, found 0 plugins.
Preloading 0 native plugins for Editor in 0.00 ms.
Unloading 1257 Unused Serialized files (Serialized files now loaded: 0)
System memory in use before: 62.8 MB.
System memory in use after: 62.9 MB.

Unloading 12 unused Assets to reduce memory usage. Loaded Objects now: 1704.
Total: 1.871300 ms (FindLiveObjects: 0.159200 ms CreateObjectMapping: 0.034200 ms MarkObjects: 1.610600 ms  DeleteObjects: 0.066500 ms)

========================================================================
Received Import Request.
  path: Assets/Plugins/Ground.mat
  artifactKey: Guid(a48eb6948c4b6df4ca288c04740a1a45) Importer(815301076,1909f56bfc062723c751e8b465ee728b)
Start importing Assets/Plugins/Ground.mat using Guid(a48eb6948c4b6df4ca288c04740a1a45) Importer(815301076,1909f56bfc062723c751e8b465ee728b)  -> (artifact id: '38319b91e9b9969fe3a895524afa45ca') in 0.111105 seconds
  Import took 0.114251 seconds .

========================================================================
Received Import Request.
  Time since last request: 0.000298 seconds.
  path: Assets/Plugins/New Material.mat
  artifactKey: Guid(19e76faa7fd221d47a98e035f7810993) Importer(815301076,1909f56bfc062723c751e8b465ee728b)
Start importing Assets/Plugins/New Material.mat using Guid(19e76faa7fd221d47a98e035f7810993) Importer(815301076,1909f56bfc062723c751e8b465ee728b)  -> (artifact id: '4f52d6f60eb35d345088690357ac4ff1') in 0.013597 seconds
  Import took 0.016282 seconds .

========================================================================
Received Prepare
Registering precompiled user dll's ...
Registered in 0.001554 seconds.
Begin MonoManager ReloadAssembly
Native extension for WindowsStandalone target not found
Refreshing native plugins compatible for Editor in 0.25 ms, found 0 plugins.
Preloading 0 native plugins for Editor in 0.00 ms.
Invoked RoslynAnalysisRunner static constructor.
RoslynAnalysisRunner will not be running.
RoslynAnalysisRunner has terminated.
Mono: successfully reloaded assembly
- Completed reload, in  0.972 seconds
Platform modules already initialized, skipping
Switching build target platform(5) subTarget(0) extendedPlatform(0) -> platform(13) subTarget(537395200) extendedPlatform(0)
Refreshing native plugins compatible for Editor in 0.29 ms, found 0 plugins.
Preloading 0 native plugins for Editor in 0.00 ms.
Unloading 1242 Unused Serialized files (Serialized files now loaded: 0)
System memory in use before: 64.7 MB.
System memory in use after: 64.7 MB.

Unloading 7 unused Assets to reduce memory usage. Loaded Objects now: 1747.
Total: 1.836000 ms (FindLiveObjects: 0.141800 ms CreateObjectMapping: 0.049800 ms MarkObjects: 1.572900 ms  DeleteObjects: 0.070600 ms)

AssetImportParameters requested are different than current active one (requested -> active):
  custom:graphics/normal-map-encoding: 01000000000000000000000000000000 -> 02000000000000000000000000000000
========================================================================
Received Import Request.
  Time since last request: 202.369698 seconds.
  path: Assets/Prefabs/NewLevels
  artifactKey: Guid(720579d00238dad40a876c5fc6c17b5d) Importer(815301076,1909f56bfc062723c751e8b465ee728b)
Start importing Assets/Prefabs/NewLevels using Guid(720579d00238dad40a876c5fc6c17b5d) Importer(815301076,1909f56bfc062723c751e8b465ee728b)  -> (artifact id: 'bb32870aaea906fa901facadcdee1b65') in 0.010076 seconds
  Import took 0.013644 seconds .

========================================================================
Received Import Request.
  Time since last request: 12.136914 seconds.
  path: Assets/Prefabs/NewLevels/Player.prefab
  artifactKey: Guid(86e52a23a41da7a4a8de3192651d56ab) Importer(815301076,1909f56bfc062723c751e8b465ee728b)
Start importing Assets/Prefabs/NewLevels/Player.prefab using Guid(86e52a23a41da7a4a8de3192651d56ab) Importer(815301076,1909f56bfc062723c751e8b465ee728b)  -> (artifact id: 'f43e865ee825c3348155d720696c5684') in 0.061489 seconds
  Import took 0.073872 seconds .

========================================================================
Received Import Request.
  Time since last request: 3.493710 seconds.
  path: Assets/Prefabs/NewLevels/Target.prefab
  artifactKey: Guid(e43ff68f0e31714458353f5a10e08184) Importer(815301076,1909f56bfc062723c751e8b465ee728b)
Start importing Assets/Prefabs/NewLevels/Target.prefab using Guid(e43ff68f0e31714458353f5a10e08184) Importer(815301076,1909f56bfc062723c751e8b465ee728b)  -> (artifact id: '28022dc742b7b45db46be724d0d2a2d8') in 0.088151 seconds
  Import took 0.090592 seconds .

========================================================================
Received Import Request.
  Time since last request: 5.317769 seconds.
  path: Assets/Prefabs/NewLevels/Music.prefab
  artifactKey: Guid(990b27a28e0b5c74d9ff82870709b77d) Importer(815301076,1909f56bfc062723c751e8b465ee728b)
Start importing Assets/Prefabs/NewLevels/Music.prefab using Guid(990b27a28e0b5c74d9ff82870709b77d) Importer(815301076,1909f56bfc062723c751e8b465ee728b)  -> (artifact id: 'ccba0266311f2a4e8f6df3ee82fa3c88') in 0.010314 seconds
  Import took 0.013208 seconds .

========================================================================
Received Import Request.
  Time since last request: 3.538625 seconds.
  path: Assets/Prefabs/NewLevels/WalkingSound.prefab
  artifactKey: Guid(253feb88efc2a3447868aae9170c1e8f) Importer(815301076,1909f56bfc062723c751e8b465ee728b)
Start importing Assets/Prefabs/NewLevels/WalkingSound.prefab using Guid(253feb88efc2a3447868aae9170c1e8f) Importer(815301076,1909f56bfc062723c751e8b465ee728b)  -> (artifact id: 'a1821f29ad5c79a3eb96505d0040d41a') in 0.009934 seconds
  Import took 0.012332 seconds .

========================================================================
Received Import Request.
  Time since last request: 23.892434 seconds.
  path: Assets/Scenes/MobileGame/Scene2MobileGameTouchInput.unity
  artifactKey: Guid(f93c0d04da122984fa3fef92a8d6186a) Importer(815301076,1909f56bfc062723c751e8b465ee728b)
Start importing Assets/Scenes/MobileGame/Scene2MobileGameTouchInput.unity using Guid(f93c0d04da122984fa3fef92a8d6186a) Importer(815301076,1909f56bfc062723c751e8b465ee728b)  -> (artifact id: '0c8078f13240a0ba04a2b6c05fce1c6d') in 0.009852 seconds
  Import took 0.046860 seconds .

========================================================================
Received Import Request.
  Time since last request: 5.763561 seconds.
  path: Assets/Scenes/MobileGame/Scene2MobileGameTouchInputNew.unity
  artifactKey: Guid(f93c0d04da122984fa3fef92a8d6186a) Importer(815301076,1909f56bfc062723c751e8b465ee728b)
Start importing Assets/Scenes/MobileGame/Scene2MobileGameTouchInputNew.unity using Guid(f93c0d04da122984fa3fef92a8d6186a) Importer(815301076,1909f56bfc062723c751e8b465ee728b)  -> (artifact id: 'db0dd67d003bda3b0458728a74311530') in 0.016881 seconds
  Import took 0.019750 seconds .

========================================================================
Received Import Request.
  Time since last request: 2.839000 seconds.
  path: Assets/Scenes/MobileGame/Scene1MobileGameTouchInput.unity
  artifactKey: Guid(040198717d737784b93b1dbaea638a19) Importer(815301076,1909f56bfc062723c751e8b465ee728b)
Start importing Assets/Scenes/MobileGame/Scene1MobileGameTouchInput.unity using Guid(040198717d737784b93b1dbaea638a19) Importer(815301076,1909f56bfc062723c751e8b465ee728b)  -> (artifact id: '77b408e66aa18c5eaab7801b9014ebf7') in 0.007572 seconds
  Import took 0.019877 seconds .

========================================================================
Received Import Request.
  Time since last request: 0.001070 seconds.
  path: Assets/Scenes/MobileGame/Scene1MobileGameTouchInput.unity
  artifactKey: Guid(040198717d737784b93b1dbaea638a19) Importer(815301076,1909f56bfc062723c751e8b465ee728b)
Start importing Assets/Scenes/MobileGame/Scene1MobileGameTouchInput.unity using Guid(040198717d737784b93b1dbaea638a19) Importer(815301076,1909f56bfc062723c751e8b465ee728b)  -> (artifact id: '77b408e66aa18c5eaab7801b9014ebf7') in 0.003328 seconds
  Import took 0.005039 seconds .

========================================================================
Received Prepare
Registering precompiled user dll's ...
Registered in 0.001427 seconds.
Begin MonoManager ReloadAssembly
Native extension for WindowsStandalone target not found
Refreshing native plugins compatible for Editor in 0.24 ms, found 0 plugins.
Preloading 0 native plugins for Editor in 0.00 ms.
Invoked RoslynAnalysisRunner static constructor.
RoslynAnalysisRunner will not be running.
RoslynAnalysisRunner has terminated.
Mono: successfully reloaded assembly
- Completed reload, in  1.108 seconds
Platform modules already initialized, skipping
Switching build target platform(5) subTarget(0) extendedPlatform(0) -> platform(13) subTarget(537395200) extendedPlatform(0)
Refreshing native plugins compatible for Editor in 0.25 ms, found 0 plugins.
Preloading 0 native plugins for Editor in 0.00 ms.
Unloading 1242 Unused Serialized files (Serialized files now loaded: 0)
System memory in use before: 64.9 MB.
System memory in use after: 65.0 MB.

Unloading 9 unused Assets to reduce memory usage. Loaded Objects now: 1754.
Total: 1.879700 ms (FindLiveObjects: 0.179800 ms CreateObjectMapping: 0.044900 ms MarkObjects: 1.599000 ms  DeleteObjects: 0.055000 ms)

AssetImportParameters requested are different than current active one (requested -> active):
  custom:graphics/normal-map-encoding: 01000000000000000000000000000000 -> 02000000000000000000000000000000
========================================================================
Received Prepare
Registering precompiled user dll's ...
Registered in 0.001814 seconds.
Begin MonoManager ReloadAssembly
Native extension for WindowsStandalone target not found
Refreshing native plugins compatible for Editor in 0.20 ms, found 0 plugins.
Preloading 0 native plugins for Editor in 0.00 ms.
Invoked RoslynAnalysisRunner static constructor.
RoslynAnalysisRunner will not be running.
RoslynAnalysisRunner has terminated.
Mono: successfully reloaded assembly
- Completed reload, in  0.794 seconds
Platform modules already initialized, skipping
Switching build target platform(5) subTarget(0) extendedPlatform(0) -> platform(13) subTarget(537395200) extendedPlatform(0)
Refreshing native plugins compatible for Editor in 0.21 ms, found 0 plugins.
Preloading 0 native plugins for Editor in 0.00 ms.
Unloading 1242 Unused Serialized files (Serialized files now loaded: 0)
System memory in use before: 64.9 MB.
System memory in use after: 65.0 MB.

Unloading 7 unused Assets to reduce memory usage. Loaded Objects now: 1757.
Total: 1.961800 ms (FindLiveObjects: 0.218800 ms CreateObjectMapping: 0.041100 ms MarkObjects: 1.658200 ms  DeleteObjects: 0.042800 ms)

AssetImportParameters requested are different than current active one (requested -> active):
  custom:graphics/normal-map-encoding: 01000000000000000000000000000000 -> 02000000000000000000000000000000
========================================================================
Received Prepare
Registering precompiled user dll's ...
Registered in 0.001437 seconds.
Begin MonoManager ReloadAssembly
Native extension for WindowsStandalone target not found
Refreshing native plugins compatible for Editor in 0.22 ms, found 0 plugins.
Preloading 0 native plugins for Editor in 0.00 ms.
Invoked RoslynAnalysisRunner static constructor.
RoslynAnalysisRunner will not be running.
RoslynAnalysisRunner has terminated.
Mono: successfully reloaded assembly
- Completed reload, in  0.854 seconds
Platform modules already initialized, skipping
Switching build target platform(5) subTarget(0) extendedPlatform(0) -> platform(13) subTarget(537395200) extendedPlatform(0)
Refreshing native plugins compatible for Editor in 0.21 ms, found 0 plugins.
Preloading 0 native plugins for Editor in 0.00 ms.
Unloading 1242 Unused Serialized files (Serialized files now loaded: 0)
System memory in use before: 64.9 MB.
System memory in use after: 65.0 MB.

Unloading 7 unused Assets to reduce memory usage. Loaded Objects now: 1760.
Total: 1.799900 ms (FindLiveObjects: 0.234000 ms CreateObjectMapping: 0.038600 ms MarkObjects: 1.480900 ms  DeleteObjects: 0.045500 ms)

AssetImportParameters requested are different than current active one (requested -> active):
  custom:graphics/normal-map-encoding: 01000000000000000000000000000000 -> 02000000000000000000000000000000
========================================================================
Received Prepare
Registering precompiled user dll's ...
Registered in 0.001445 seconds.
Begin MonoManager ReloadAssembly
Native extension for WindowsStandalone target not found
Refreshing native plugins compatible for Editor in 0.21 ms, found 0 plugins.
Preloading 0 native plugins for Editor in 0.00 ms.
Invoked RoslynAnalysisRunner static constructor.
RoslynAnalysisRunner will not be running.
RoslynAnalysisRunner has terminated.
Mono: successfully reloaded assembly
- Completed reload, in  0.812 seconds
Platform modules already initialized, skipping
Switching build target platform(5) subTarget(0) extendedPlatform(0) -> platform(13) subTarget(537395200) extendedPlatform(0)
Refreshing native plugins compatible for Editor in 0.24 ms, found 0 plugins.
Preloading 0 native plugins for Editor in 0.00 ms.
Unloading 1242 Unused Serialized files (Serialized files now loaded: 0)
System memory in use before: 64.9 MB.
System memory in use after: 65.0 MB.

Unloading 7 unused Assets to reduce memory usage. Loaded Objects now: 1763.
Total: 1.693100 ms (FindLiveObjects: 0.185600 ms CreateObjectMapping: 0.048300 ms MarkObjects: 1.415800 ms  DeleteObjects: 0.042500 ms)

AssetImportParameters requested are different than current active one (requested -> active):
  custom:graphics/normal-map-encoding: 01000000000000000000000000000000 -> 02000000000000000000000000000000
========================================================================
Received Prepare
Registering precompiled user dll's ...
Registered in 0.001305 seconds.
Begin MonoManager ReloadAssembly
Native extension for WindowsStandalone target not found
Refreshing native plugins compatible for Editor in 0.21 ms, found 0 plugins.
Preloading 0 native plugins for Editor in 0.00 ms.
Invoked RoslynAnalysisRunner static constructor.
RoslynAnalysisRunner will not be running.
RoslynAnalysisRunner has terminated.
Mono: successfully reloaded assembly
- Completed reload, in  0.780 seconds
Platform modules already initialized, skipping
Switching build target platform(5) subTarget(0) extendedPlatform(0) -> platform(13) subTarget(537395200) extendedPlatform(0)
Refreshing native plugins compatible for Editor in 0.20 ms, found 0 plugins.
Preloading 0 native plugins for Editor in 0.00 ms.
Unloading 1242 Unused Serialized files (Serialized files now loaded: 0)
System memory in use before: 64.9 MB.
System memory in use after: 65.0 MB.

Unloading 7 unused Assets to reduce memory usage. Loaded Objects now: 1766.
Total: 1.769000 ms (FindLiveObjects: 0.142300 ms CreateObjectMapping: 0.038500 ms MarkObjects: 1.546800 ms  DeleteObjects: 0.040300 ms)

AssetImportParameters requested are different than current active one (requested -> active):
  custom:graphics/normal-map-encoding: 01000000000000000000000000000000 -> 02000000000000000000000000000000
========================================================================
Received Import Request.
  Time since last request: 621.186512 seconds.
  path: Assets/Scenes/MobileGame/Scene2MobileGameTouchInputNew 1.unity
  artifactKey: Guid(fecc57848a9032141bbc6bf9a6b1077e) Importer(815301076,1909f56bfc062723c751e8b465ee728b)
Start importing Assets/Scenes/MobileGame/Scene2MobileGameTouchInputNew 1.unity using Guid(fecc57848a9032141bbc6bf9a6b1077e) Importer(815301076,1909f56bfc062723c751e8b465ee728b)  -> (artifact id: 'eb8f3b904a9600581a5f7889fcf3dfae') in 0.013625 seconds
  Import took 0.016414 seconds .

========================================================================
Received Import Request.
  Time since last request: 5.213288 seconds.
  path: Assets/Scenes/MobileGame/Scene1MobileGameTouchInputNew.unity
  artifactKey: Guid(fecc57848a9032141bbc6bf9a6b1077e) Importer(815301076,1909f56bfc062723c751e8b465ee728b)
Start importing Assets/Scenes/MobileGame/Scene1MobileGameTouchInputNew.unity using Guid(fecc57848a9032141bbc6bf9a6b1077e) Importer(815301076,1909f56bfc062723c751e8b465ee728b)  -> (artifact id: '92a7954f2e220a86d3be038f35c56801') in 0.007230 seconds
  Import took 0.009562 seconds .

========================================================================
Received Prepare
Registering precompiled user dll's ...
Registered in 0.001558 seconds.
Begin MonoManager ReloadAssembly
Native extension for WindowsStandalone target not found
Refreshing native plugins compatible for Editor in 0.21 ms, found 0 plugins.
Preloading 0 native plugins for Editor in 0.00 ms.
Invoked RoslynAnalysisRunner static constructor.
RoslynAnalysisRunner will not be running.
RoslynAnalysisRunner has terminated.
Mono: successfully reloaded assembly
- Completed reload, in  0.793 seconds
Platform modules already initialized, skipping
Switching build target platform(5) subTarget(0) extendedPlatform(0) -> platform(13) subTarget(537395200) extendedPlatform(0)
Refreshing native plugins compatible for Editor in 0.20 ms, found 0 plugins.
Preloading 0 native plugins for Editor in 0.00 ms.
Unloading 1242 Unused Serialized files (Serialized files now loaded: 0)
System memory in use before: 65.0 MB.
System memory in use after: 65.0 MB.

Unloading 7 unused Assets to reduce memory usage. Loaded Objects now: 1769.
Total: 1.821500 ms (FindLiveObjects: 0.118800 ms CreateObjectMapping: 0.030200 ms MarkObjects: 1.592100 ms  DeleteObjects: 0.079400 ms)

AssetImportParameters requested are different than current active one (requested -> active):
  custom:graphics/normal-map-encoding: 01000000000000000000000000000000 -> 02000000000000000000000000000000
========================================================================
Received Import Request.
  Time since last request: 69.895400 seconds.
  path: Assets/Scenes/MobileGame/Scene3MobileGameTouchInput.unity
  artifactKey: Guid(b2be1fef916dec342a676e10f3523c2f) Importer(815301076,1909f56bfc062723c751e8b465ee728b)
Start importing Assets/Scenes/MobileGame/Scene3MobileGameTouchInput.unity using Guid(b2be1fef916dec342a676e10f3523c2f) Importer(815301076,1909f56bfc062723c751e8b465ee728b)  -> (artifact id: '1d4ab652edadf3733e654d6658cc3067') in 0.017165 seconds
  Import took 0.029711 seconds .

========================================================================
Received Import Request.
  Time since last request: 50.010741 seconds.
  path: Assets/Prefabs/NewLevels/Barriers.prefab
  artifactKey: Guid(f0dd46724f9f9c847a802813009fb066) Importer(815301076,1909f56bfc062723c751e8b465ee728b)
Start importing Assets/Prefabs/NewLevels/Barriers.prefab using Guid(f0dd46724f9f9c847a802813009fb066) Importer(815301076,1909f56bfc062723c751e8b465ee728b)  -> (artifact id: '99133e96383e71778b75d23b897dfe6e') in 0.050687 seconds
  Import took 0.063095 seconds .

========================================================================
Received Import Request.
  Time since last request: 12.680387 seconds.
  path: Assets/Scenes/MobileGame/Scene2MobileGameTouchInputNew 1.unity
  artifactKey: Guid(03dfce3d541f7914ea6ce114f526eaf6) Importer(815301076,1909f56bfc062723c751e8b465ee728b)
Start importing Assets/Scenes/MobileGame/Scene2MobileGameTouchInputNew 1.unity using Guid(03dfce3d541f7914ea6ce114f526eaf6) Importer(815301076,1909f56bfc062723c751e8b465ee728b)  -> (artifact id: '3194db15e8b5f9e37e6f7a3bee664274') in 0.003104 seconds
  Import took 0.005588 seconds .

========================================================================
Received Import Request.
  Time since last request: 6.495844 seconds.
  path: Assets/Scenes/MobileGame/Scene3MobileGameTouchInputNew.unity
  artifactKey: Guid(03dfce3d541f7914ea6ce114f526eaf6) Importer(815301076,1909f56bfc062723c751e8b465ee728b)
Start importing Assets/Scenes/MobileGame/Scene3MobileGameTouchInputNew.unity using Guid(03dfce3d541f7914ea6ce114f526eaf6) Importer(815301076,1909f56bfc062723c751e8b465ee728b)  -> (artifact id: '7da3e82f8e5f8850d88f481af5af9934') in 0.007633 seconds
  Import took 0.010322 seconds .

========================================================================
Received Prepare
Registering precompiled user dll's ...
Registered in 0.001776 seconds.
Begin MonoManager ReloadAssembly
Native extension for WindowsStandalone target not found
Refreshing native plugins compatible for Editor in 0.20 ms, found 0 plugins.
Preloading 0 native plugins for Editor in 0.00 ms.
Invoked RoslynAnalysisRunner static constructor.
RoslynAnalysisRunner will not be running.
RoslynAnalysisRunner has terminated.
Mono: successfully reloaded assembly
- Completed reload, in  0.782 seconds
Platform modules already initialized, skipping
Switching build target platform(5) subTarget(0) extendedPlatform(0) -> platform(13) subTarget(537395200) extendedPlatform(0)
Refreshing native plugins compatible for Editor in 0.21 ms, found 0 plugins.
Preloading 0 native plugins for Editor in 0.00 ms.
Unloading 1242 Unused Serialized files (Serialized files now loaded: 0)
System memory in use before: 65.0 MB.
System memory in use after: 65.1 MB.

Unloading 8 unused Assets to reduce memory usage. Loaded Objects now: 1773.
Total: 1.760400 ms (FindLiveObjects: 0.139900 ms CreateObjectMapping: 0.034700 ms MarkObjects: 1.533500 ms  DeleteObjects: 0.051100 ms)

AssetImportParameters requested are different than current active one (requested -> active):
  custom:graphics/normal-map-encoding: 01000000000000000000000000000000 -> 02000000000000000000000000000000
========================================================================
Received Import Request.
  Time since last request: 365.456640 seconds.
  path: Assets/Scenes/MobileGame/Scene1MobileGameTouchInputNew.unity
  artifactKey: Guid(fecc57848a9032141bbc6bf9a6b1077e) Importer(815301076,1909f56bfc062723c751e8b465ee728b)
Start importing Assets/Scenes/MobileGame/Scene1MobileGameTouchInputNew.unity using Guid(fecc57848a9032141bbc6bf9a6b1077e) Importer(815301076,1909f56bfc062723c751e8b465ee728b)  -> (artifact id: '00f2583ef946a9632db5f09328f77eaa') in 0.013291 seconds
  Import took 0.025509 seconds .

========================================================================
Received Prepare
Registering precompiled user dll's ...
Registered in 0.001575 seconds.
Begin MonoManager ReloadAssembly
Native extension for WindowsStandalone target not found
Refreshing native plugins compatible for Editor in 0.20 ms, found 0 plugins.
Preloading 0 native plugins for Editor in 0.00 ms.
Invoked RoslynAnalysisRunner static constructor.
RoslynAnalysisRunner will not be running.
RoslynAnalysisRunner has terminated.
Mono: successfully reloaded assembly
- Completed reload, in  0.829 seconds
Platform modules already initialized, skipping
Switching build target platform(5) subTarget(0) extendedPlatform(0) -> platform(13) subTarget(537395200) extendedPlatform(0)
Refreshing native plugins compatible for Editor in 0.21 ms, found 0 plugins.
Preloading 0 native plugins for Editor in 0.00 ms.
Unloading 1242 Unused Serialized files (Serialized files now loaded: 0)
System memory in use before: 65.0 MB.
System memory in use after: 65.1 MB.

Unloading 7 unused Assets to reduce memory usage. Loaded Objects now: 1776.
Total: 1.720700 ms (FindLiveObjects: 0.231500 ms CreateObjectMapping: 0.041400 ms MarkObjects: 1.400800 ms  DeleteObjects: 0.045800 ms)

AssetImportParameters requested are different than current active one (requested -> active):
  custom:graphics/normal-map-encoding: 01000000000000000000000000000000 -> 02000000000000000000000000000000
========================================================================
Received Prepare
Refreshing native plugins compatible for Editor in 1.06 ms, found 0 plugins.
Preloading 0 native plugins for Editor in 0.00 ms.
Unloading 5 Unused Serialized files (Serialized files now loaded: 0)
System memory in use before: 40.6 MB.
System memory in use after: 40.7 MB.

Unloading 5 unused Assets to reduce memory usage. Loaded Objects now: 1776.
Total: 2.022400 ms (FindLiveObjects: 0.182500 ms CreateObjectMapping: 0.052300 ms MarkObjects: 1.738100 ms  DeleteObjects: 0.047900 ms)

========================================================================
Received Prepare
Registering precompiled user dll's ...
Registered in 0.001878 seconds.
Begin MonoManager ReloadAssembly
Native extension for WindowsStandalone target not found
Refreshing native plugins compatible for Editor in 0.21 ms, found 0 plugins.
Preloading 0 native plugins for Editor in 0.00 ms.
Invoked RoslynAnalysisRunner static constructor.
RoslynAnalysisRunner will not be running.
RoslynAnalysisRunner has terminated.
Mono: successfully reloaded assembly
- Completed reload, in  0.784 seconds
Platform modules already initialized, skipping
Refreshing native plugins compatible for Editor in 0.25 ms, found 0 plugins.
Preloading 0 native plugins for Editor in 0.00 ms.
Unloading 1238 Unused Serialized files (Serialized files now loaded: 0)
System memory in use before: 65.3 MB.
System memory in use after: 65.4 MB.

Unloading 7 unused Assets to reduce memory usage. Loaded Objects now: 1779.
Total: 1.847900 ms (FindLiveObjects: 0.206400 ms CreateObjectMapping: 0.044500 ms MarkObjects: 1.546400 ms  DeleteObjects: 0.049300 ms)

========================================================================
Received Prepare
Refreshing native plugins compatible for Editor in 1.05 ms, found 0 plugins.
Preloading 0 native plugins for Editor in 0.00 ms.
Unloading 5 Unused Serialized files (Serialized files now loaded: 0)
System memory in use before: 40.8 MB.
System memory in use after: 40.9 MB.

Unloading 5 unused Assets to reduce memory usage. Loaded Objects now: 1779.
Total: 2.013400 ms (FindLiveObjects: 0.213400 ms CreateObjectMapping: 0.067300 ms MarkObjects: 1.685000 ms  DeleteObjects: 0.046600 ms)

========================================================================
Received Prepare
Refreshing native plugins compatible for Editor in 0.99 ms, found 0 plugins.
Preloading 0 native plugins for Editor in 0.00 ms.
Unloading 5 Unused Serialized files (Serialized files now loaded: 0)
System memory in use before: 40.8 MB.
System memory in use after: 40.9 MB.

Unloading 5 unused Assets to reduce memory usage. Loaded Objects now: 1779.
Total: 1.861600 ms (FindLiveObjects: 0.205400 ms CreateObjectMapping: 0.043600 ms MarkObjects: 1.565100 ms  DeleteObjects: 0.046400 ms)

========================================================================
Received Prepare
Refreshing native plugins compatible for Editor in 0.98 ms, found 0 plugins.
Preloading 0 native plugins for Editor in 0.00 ms.
Unloading 5 Unused Serialized files (Serialized files now loaded: 0)
System memory in use before: 40.8 MB.
System memory in use after: 40.9 MB.

Unloading 5 unused Assets to reduce memory usage. Loaded Objects now: 1779.
Total: 2.166900 ms (FindLiveObjects: 0.180200 ms CreateObjectMapping: 0.041100 ms MarkObjects: 1.899200 ms  DeleteObjects: 0.045000 ms)

========================================================================
Received Import Request.
  Time since last request: 471.080502 seconds.
  path: Assets/Scenes/MobileGame/OLD
  artifactKey: Guid(8ab6a8358c86d0d41b1daa1611b24060) Importer(815301076,1909f56bfc062723c751e8b465ee728b)
Start importing Assets/Scenes/MobileGame/OLD using Guid(8ab6a8358c86d0d41b1daa1611b24060) Importer(815301076,1909f56bfc062723c751e8b465ee728b)  -> (artifact id: 'fa737b02ddfacb455cdffc24878843f5') in 0.011478 seconds
  Import took 0.015451 seconds .

========================================================================
Received Import Request.
  Time since last request: 0.775208 seconds.
  path: Assets/Scenes/MobileGame/Scene1MobileGameTouchInput
  artifactKey: Guid(11c5b35f149ade04ba28f02ed23a06e7) Importer(815301076,1909f56bfc062723c751e8b465ee728b)
Start importing Assets/Scenes/MobileGame/Scene1MobileGameTouchInput using Guid(11c5b35f149ade04ba28f02ed23a06e7) Importer(815301076,1909f56bfc062723c751e8b465ee728b)  -> (artifact id: '5856e7e665dad434a1e1727d52ad5e35') in 0.007752 seconds
  Import took 0.010194 seconds .

AssetImportWorkerClient::OnTransportError - code=2 error=End of file
