Using pre-set license
Built from '2020.3/release' branch; Version is '2020.3.2f1 (8fd9074bf66c) revision 9427207'; Using compiler version '192528614'; Build Type 'Release'
OS: 'Windows 10 Home; OS build 19041.928; Version 2004; 64bit' Language: 'en' Physical Memory: 16111 MB
BatchMode: 1, IsHumanControllingUs: 0, StartBugReporterOnCrash: 0, Is64bit: 1, IsPro: 0

 COMMAND LINE ARGUMENTS:
C:\Program Files\Unity\Hub\Editor\2020.3.2f1\Editor\Unity.exe
-adb2
-batchMode
-noUpm
-name
AssetImportWorker0
-projectPath
C:/Users/samle/OneDrive/Documents/GitHub/MobileGame/MobileGame
-logFile
Logs/AssetImportWorker0.log
-srvPort
51819
Successfully changed project path to: C:/Users/samle/OneDrive/Documents/GitHub/MobileGame/MobileGame
C:/Users/samle/OneDrive/Documents/GitHub/MobileGame/MobileGame
Using Asset Import Pipeline V2.
Refreshing native plugins compatible for Editor in 27.41 ms, found 0 plugins.
Preloading 0 native plugins for Editor in 0.00 ms.
Initialize engine version: 2020.3.2f1 (8fd9074bf66c)
[Subsystems] Discovering subsystems at path C:/Program Files/Unity/Hub/Editor/2020.3.2f1/Editor/Data/Resources/UnitySubsystems
[Subsystems] Discovering subsystems at path C:/Users/samle/OneDrive/Documents/GitHub/MobileGame/MobileGame/Assets
GfxDevice: creating device client; threaded=0
Direct3D:
    Version:  Direct3D 11.0 [level 11.1]
    Renderer: NVIDIA GeForce GTX 1650 (ID=0x1f91)
    Vendor:   
    VRAM:     3964 MB
    Driver:   27.21.14.6109
Initialize mono
Mono path[0] = 'C:/Program Files/Unity/Hub/Editor/2020.3.2f1/Editor/Data/Managed'
Mono path[1] = 'C:/Program Files/Unity/Hub/Editor/2020.3.2f1/Editor/Data/MonoBleedingEdge/lib/mono/unityjit'
Mono config path = 'C:/Program Files/Unity/Hub/Editor/2020.3.2f1/Editor/Data/MonoBleedingEdge/etc'
Using monoOptions --debugger-agent=transport=dt_socket,embedding=1,server=y,suspend=n,address=127.0.0.1:56164
Begin MonoManager ReloadAssembly
Registering precompiled unity dll's ...
Register platform support module: C:/Program Files/Unity/Hub/Editor/2020.3.2f1/Editor/Data/PlaybackEngines/WindowsStandaloneSupport/UnityEditor.WindowsStandalone.Extensions.dll
Registered in 0.001984 seconds.
Native extension for WindowsStandalone target not found
Refreshing native plugins compatible for Editor in 24.29 ms, found 0 plugins.
Preloading 0 native plugins for Editor in 0.00 ms.
Invoked RoslynAnalysisRunner static constructor.
RoslynAnalysisRunner will not be running.
RoslynAnalysisRunner has terminated.
Mono: successfully reloaded assembly
- Completed reload, in  1.036 seconds
Platform modules already initialized, skipping
Registering precompiled user dll's ...
Registered in 0.001700 seconds.
Begin MonoManager ReloadAssembly
Native extension for WindowsStandalone target not found
Refreshing native plugins compatible for Editor in 0.39 ms, found 0 plugins.
Preloading 0 native plugins for Editor in 0.00 ms.
Invoked RoslynAnalysisRunner static constructor.
RoslynAnalysisRunner will not be running.
RoslynAnalysisRunner has terminated.
Mono: successfully reloaded assembly
- Completed reload, in  1.281 seconds
Platform modules already initialized, skipping
========================================================================
Worker process is ready to serve import requests
Launched and connected shader compiler UnityShaderCompiler.exe after 0.07 seconds
Refreshing native plugins compatible for Editor in 0.23 ms, found 0 plugins.
Preloading 0 native plugins for Editor in 0.00 ms.
Unloading 1253 Unused Serialized files (Serialized files now loaded: 0)
System memory in use before: 60.9 MB.
System memory in use after: 60.9 MB.

Unloading 13 unused Assets to reduce memory usage. Loaded Objects now: 1697.
Total: 1.916800 ms (FindLiveObjects: 0.124300 ms CreateObjectMapping: 0.049300 ms MarkObjects: 1.655300 ms  DeleteObjects: 0.087000 ms)

========================================================================
Received Import Request.
  path: Assets/Scenes
  artifactKey: Guid(97a0cad6d5716704fb639de929232bc6) Importer(815301076,1909f56bfc062723c751e8b465ee728b)
Start importing Assets/Scenes using Guid(97a0cad6d5716704fb639de929232bc6) Importer(815301076,1909f56bfc062723c751e8b465ee728b)  -> (artifact id: '797ba85eb7917b6f21a7eeb848fccb4e') in 0.010161 seconds
  Import took 0.012020 seconds .

========================================================================
Received Import Request.
  Time since last request: 0.000355 seconds.
  path: Assets/Scenes/MobileGame/Scene1MobileGameKeyboard.unity
  artifactKey: Guid(f1235b4ba9047744891d972999e7eaf0) Importer(815301076,1909f56bfc062723c751e8b465ee728b)
Start importing Assets/Scenes/MobileGame/Scene1MobileGameKeyboard.unity using Guid(f1235b4ba9047744891d972999e7eaf0) Importer(815301076,1909f56bfc062723c751e8b465ee728b)  -> (artifact id: '73e8f0322347e97b7d03344c15888c85') in 0.019263 seconds
  Import took 0.021256 seconds .

========================================================================
Received Import Request.
  Time since last request: 0.000229 seconds.
  path: Assets/Scenes/MobileGame
  artifactKey: Guid(cf54c79f444302645a998fd04507e846) Importer(815301076,1909f56bfc062723c751e8b465ee728b)
Start importing Assets/Scenes/MobileGame using Guid(cf54c79f444302645a998fd04507e846) Importer(815301076,1909f56bfc062723c751e8b465ee728b)  -> (artifact id: 'd140ef62ce4e04acf2b247f9a02ea66d') in 0.010816 seconds
  Import took 0.013448 seconds .

========================================================================
Received Prepare
Registering precompiled user dll's ...
Registered in 0.002132 seconds.
Begin MonoManager ReloadAssembly
Native extension for WindowsStandalone target not found
Refreshing native plugins compatible for Editor in 0.29 ms, found 0 plugins.
Preloading 0 native plugins for Editor in 0.00 ms.
Invoked RoslynAnalysisRunner static constructor.
RoslynAnalysisRunner will not be running.
RoslynAnalysisRunner has terminated.
Mono: successfully reloaded assembly
- Completed reload, in  1.158 seconds
Platform modules already initialized, skipping
Refreshing native plugins compatible for Editor in 0.43 ms, found 0 plugins.
Preloading 0 native plugins for Editor in 0.00 ms.
Unloading 1248 Unused Serialized files (Serialized files now loaded: 0)
System memory in use before: 60.8 MB.
System memory in use after: 60.9 MB.

Unloading 8 unused Assets to reduce memory usage. Loaded Objects now: 1700.
Total: 2.446700 ms (FindLiveObjects: 0.397500 ms CreateObjectMapping: 0.157200 ms MarkObjects: 1.810500 ms  DeleteObjects: 0.079400 ms)

========================================================================
Received Import Request.
  Time since last request: 78.791335 seconds.
  path: Assets/Scenes/MobileGame/Scene1MobileGameTouchInput.unity
  artifactKey: Guid(040198717d737784b93b1dbaea638a19) Importer(815301076,1909f56bfc062723c751e8b465ee728b)
Start importing Assets/Scenes/MobileGame/Scene1MobileGameTouchInput.unity using Guid(040198717d737784b93b1dbaea638a19) Importer(815301076,1909f56bfc062723c751e8b465ee728b)  -> (artifact id: 'e59cecfc0a22dddc6cfd924a0c278abc') in 0.017061 seconds
  Import took 0.019829 seconds .

========================================================================
Received Prepare
Registering precompiled user dll's ...
Registered in 0.002249 seconds.
Begin MonoManager ReloadAssembly
Native extension for WindowsStandalone target not found
Refreshing native plugins compatible for Editor in 0.21 ms, found 0 plugins.
Preloading 0 native plugins for Editor in 0.00 ms.
Invoked RoslynAnalysisRunner static constructor.
RoslynAnalysisRunner will not be running.
RoslynAnalysisRunner has terminated.
Mono: successfully reloaded assembly
- Completed reload, in  0.860 seconds
Platform modules already initialized, skipping
Refreshing native plugins compatible for Editor in 0.21 ms, found 0 plugins.
Preloading 0 native plugins for Editor in 0.00 ms.
Unloading 1260 Unused Serialized files (Serialized files now loaded: 0)
System memory in use before: 62.7 MB.
System memory in use after: 62.2 MB.

Unloading 20 unused Assets to reduce memory usage. Loaded Objects now: 1703.
Total: 2.126900 ms (FindLiveObjects: 0.156800 ms CreateObjectMapping: 0.043000 ms MarkObjects: 1.650100 ms  DeleteObjects: 0.275600 ms)

========================================================================
Received Import Request.
  Time since last request: 195.085792 seconds.
  path: Assets/Scenes/MobileGame/Scene2MobileGameTouchInput.unity
  artifactKey: Guid(f93c0d04da122984fa3fef92a8d6186a) Importer(815301076,1909f56bfc062723c751e8b465ee728b)
Start importing Assets/Scenes/MobileGame/Scene2MobileGameTouchInput.unity using Guid(f93c0d04da122984fa3fef92a8d6186a) Importer(815301076,1909f56bfc062723c751e8b465ee728b)  -> (artifact id: '91c99ebe933b8fff7d67ec3548e04a96') in 0.017597 seconds
  Import took 0.019750 seconds .

========================================================================
Received Import Request.
  Time since last request: 52.583239 seconds.
  path: Assets/Scenes/MobileGame/Scene3MobileGameTouchInput.unity
  artifactKey: Guid(b2be1fef916dec342a676e10f3523c2f) Importer(815301076,1909f56bfc062723c751e8b465ee728b)
Start importing Assets/Scenes/MobileGame/Scene3MobileGameTouchInput.unity using Guid(b2be1fef916dec342a676e10f3523c2f) Importer(815301076,1909f56bfc062723c751e8b465ee728b)  -> (artifact id: '937af2945eb9669699013f54a94e1400') in 0.008107 seconds
  Import took 0.010350 seconds .

========================================================================
Received Import Request.
  Time since last request: 40.596456 seconds.
  path: Assets/Scripts
  artifactKey: Guid(24fe6120553d98f4daf363c996ac4a83) Importer(815301076,1909f56bfc062723c751e8b465ee728b)
Start importing Assets/Scripts using Guid(24fe6120553d98f4daf363c996ac4a83) Importer(815301076,1909f56bfc062723c751e8b465ee728b)  -> (artifact id: '04be7dbc08c674a17e7399814102c2f9') in 0.007093 seconds
  Import took 0.009673 seconds .

========================================================================
Received Import Request.
  Time since last request: 1.077567 seconds.
  path: Assets
  artifactKey: Guid(00000000000000001000000000000000) Importer(815301076,1909f56bfc062723c751e8b465ee728b)
Start importing Assets using Guid(00000000000000001000000000000000) Importer(815301076,1909f56bfc062723c751e8b465ee728b)  -> (artifact id: '819a33a9bd799f71faca6db75e8a216c') in 0.007788 seconds
  Import took 0.010025 seconds .

========================================================================
Received Prepare
Registering precompiled user dll's ...
Registered in 0.001867 seconds.
Begin MonoManager ReloadAssembly
Native extension for WindowsStandalone target not found
Refreshing native plugins compatible for Editor in 0.93 ms, found 0 plugins.
Preloading 0 native plugins for Editor in 0.00 ms.
Invoked RoslynAnalysisRunner static constructor.
RoslynAnalysisRunner will not be running.
RoslynAnalysisRunner has terminated.
Mono: successfully reloaded assembly
- Completed reload, in  1.417 seconds
Platform modules already initialized, skipping
Refreshing native plugins compatible for Editor in 0.35 ms, found 0 plugins.
Preloading 0 native plugins for Editor in 0.00 ms.
Unloading 1260 Unused Serialized files (Serialized files now loaded: 0)
System memory in use before: 62.9 MB.
System memory in use after: 62.3 MB.

Unloading 20 unused Assets to reduce memory usage. Loaded Objects now: 1706.
Total: 2.019200 ms (FindLiveObjects: 0.207500 ms CreateObjectMapping: 0.041500 ms MarkObjects: 1.480500 ms  DeleteObjects: 0.289000 ms)

========================================================================
Received Import Request.
  Time since last request: 13.329847 seconds.
  path: Assets/Prefabs
  artifactKey: Guid(5ec3431894c9bbd4aa72afee14a9723f) Importer(815301076,1909f56bfc062723c751e8b465ee728b)
Start importing Assets/Prefabs using Guid(5ec3431894c9bbd4aa72afee14a9723f) Importer(815301076,1909f56bfc062723c751e8b465ee728b)  -> (artifact id: '3a5bca3122208bb2409cfc2b292d08e2') in 0.007967 seconds
  Import took 0.009679 seconds .

========================================================================
Received Import Request.
  Time since last request: 2.741675 seconds.
  path: Assets/Prefabs/Player.prefab
  artifactKey: Guid(fb248f2d90b8403448841824ba6e7d79) Importer(815301076,1909f56bfc062723c751e8b465ee728b)
Start importing Assets/Prefabs/Player.prefab using Guid(fb248f2d90b8403448841824ba6e7d79) Importer(815301076,1909f56bfc062723c751e8b465ee728b)  -> (artifact id: '722c1d9d737dc49ae5afe668c2b8b6b5') in 0.265207 seconds
  Import took 0.267467 seconds .

========================================================================
Received Import Request.
  Time since last request: 104.286851 seconds.
  path: Assets/Scenes/MobileGame/Scene2MobileGameKeyboard.unity
  artifactKey: Guid(5d91f28bcee954b45a389c39fc33442f) Importer(815301076,1909f56bfc062723c751e8b465ee728b)
Start importing Assets/Scenes/MobileGame/Scene2MobileGameKeyboard.unity using Guid(5d91f28bcee954b45a389c39fc33442f) Importer(815301076,1909f56bfc062723c751e8b465ee728b)  -> (artifact id: '8d7344ad958433200750422c1da3999b') in 0.008578 seconds
  Import took 0.010819 seconds .

========================================================================
Received Prepare
Registering precompiled user dll's ...
Registered in 0.001760 seconds.
Begin MonoManager ReloadAssembly
Native extension for WindowsStandalone target not found
Refreshing native plugins compatible for Editor in 0.22 ms, found 0 plugins.
Preloading 0 native plugins for Editor in 0.00 ms.
Invoked RoslynAnalysisRunner static constructor.
RoslynAnalysisRunner will not be running.
RoslynAnalysisRunner has terminated.
Mono: successfully reloaded assembly
- Completed reload, in  0.955 seconds
Platform modules already initialized, skipping
Refreshing native plugins compatible for Editor in 0.21 ms, found 0 plugins.
Preloading 0 native plugins for Editor in 0.00 ms.
Unloading 1260 Unused Serialized files (Serialized files now loaded: 0)
System memory in use before: 66.1 MB.
System memory in use after: 65.5 MB.

Unloading 21 unused Assets to reduce memory usage. Loaded Objects now: 1717.
Total: 2.174200 ms (FindLiveObjects: 0.130700 ms CreateObjectMapping: 0.036300 ms MarkObjects: 1.626300 ms  DeleteObjects: 0.380300 ms)

========================================================================
Received Import Request.
  Time since last request: 331.768475 seconds.
  path: Assets/Prefabs/NextLevel.prefab
  artifactKey: Guid(00021724be80bae4cb17b785e673c7e0) Importer(815301076,1909f56bfc062723c751e8b465ee728b)
Start importing Assets/Prefabs/NextLevel.prefab using Guid(00021724be80bae4cb17b785e673c7e0) Importer(815301076,1909f56bfc062723c751e8b465ee728b)  -> (artifact id: '035408f33979570ac03d78c172408116') in 0.103336 seconds
  Import took 0.106339 seconds .

========================================================================
Received Import Request.
  Time since last request: 34.885774 seconds.
  path: Assets/Prefabs/NextLevel.prefab
  artifactKey: Guid(00021724be80bae4cb17b785e673c7e0) Importer(815301076,1909f56bfc062723c751e8b465ee728b)
Start importing Assets/Prefabs/NextLevel.prefab using Guid(00021724be80bae4cb17b785e673c7e0) Importer(815301076,1909f56bfc062723c751e8b465ee728b)  -> (artifact id: '785fe124d6a463c95c0ebd23d1329910') in 0.044301 seconds
  Import took 0.047110 seconds .

========================================================================
Received Prepare
Registering precompiled user dll's ...
Registered in 0.001730 seconds.
Begin MonoManager ReloadAssembly
Native extension for WindowsStandalone target not found
Refreshing native plugins compatible for Editor in 0.30 ms, found 0 plugins.
Preloading 0 native plugins for Editor in 0.00 ms.
Invoked RoslynAnalysisRunner static constructor.
RoslynAnalysisRunner will not be running.
RoslynAnalysisRunner has terminated.
Mono: successfully reloaded assembly
- Completed reload, in  0.853 seconds
Platform modules already initialized, skipping
Refreshing native plugins compatible for Editor in 0.21 ms, found 0 plugins.
Preloading 0 native plugins for Editor in 0.00 ms.
Unloading 1260 Unused Serialized files (Serialized files now loaded: 0)
System memory in use before: 66.1 MB.
System memory in use after: 65.5 MB.

Unloading 20 unused Assets to reduce memory usage. Loaded Objects now: 1720.
Total: 2.120900 ms (FindLiveObjects: 0.135800 ms CreateObjectMapping: 0.044600 ms MarkObjects: 1.599400 ms  DeleteObjects: 0.340300 ms)

========================================================================
Received Prepare
Registering precompiled user dll's ...
Registered in 0.003013 seconds.
Begin MonoManager ReloadAssembly
Native extension for WindowsStandalone target not found
Refreshing native plugins compatible for Editor in 0.32 ms, found 0 plugins.
Preloading 0 native plugins for Editor in 0.00 ms.
Invoked RoslynAnalysisRunner static constructor.
RoslynAnalysisRunner will not be running.
RoslynAnalysisRunner has terminated.
Mono: successfully reloaded assembly
- Completed reload, in  1.547 seconds
Platform modules already initialized, skipping
Refreshing native plugins compatible for Editor in 0.31 ms, found 0 plugins.
Preloading 0 native plugins for Editor in 0.00 ms.
Unloading 1260 Unused Serialized files (Serialized files now loaded: 0)
System memory in use before: 66.1 MB.
System memory in use after: 65.5 MB.

Unloading 20 unused Assets to reduce memory usage. Loaded Objects now: 1723.
Total: 3.155700 ms (FindLiveObjects: 0.373300 ms CreateObjectMapping: 0.140800 ms MarkObjects: 2.176500 ms  DeleteObjects: 0.463400 ms)

========================================================================
Received Prepare
Registering precompiled user dll's ...
Registered in 0.002739 seconds.
Begin MonoManager ReloadAssembly
Native extension for WindowsStandalone target not found
Refreshing native plugins compatible for Editor in 0.23 ms, found 0 plugins.
Preloading 0 native plugins for Editor in 0.00 ms.
Invoked RoslynAnalysisRunner static constructor.
RoslynAnalysisRunner will not be running.
RoslynAnalysisRunner has terminated.
Mono: successfully reloaded assembly
- Completed reload, in  0.896 seconds
Platform modules already initialized, skipping
Refreshing native plugins compatible for Editor in 0.24 ms, found 0 plugins.
Preloading 0 native plugins for Editor in 0.00 ms.
Unloading 1260 Unused Serialized files (Serialized files now loaded: 0)
System memory in use before: 66.1 MB.
System memory in use after: 65.5 MB.

Unloading 20 unused Assets to reduce memory usage. Loaded Objects now: 1726.
Total: 2.648300 ms (FindLiveObjects: 0.491500 ms CreateObjectMapping: 0.123600 ms MarkObjects: 1.727300 ms  DeleteObjects: 0.305000 ms)

========================================================================
Received Prepare
Registering precompiled user dll's ...
Registered in 0.001731 seconds.
Begin MonoManager ReloadAssembly
Native extension for WindowsStandalone target not found
Refreshing native plugins compatible for Editor in 0.20 ms, found 0 plugins.
Preloading 0 native plugins for Editor in 0.00 ms.
Invoked RoslynAnalysisRunner static constructor.
RoslynAnalysisRunner will not be running.
RoslynAnalysisRunner has terminated.
Mono: successfully reloaded assembly
- Completed reload, in  0.849 seconds
Platform modules already initialized, skipping
Refreshing native plugins compatible for Editor in 0.28 ms, found 0 plugins.
Preloading 0 native plugins for Editor in 0.00 ms.
Unloading 1260 Unused Serialized files (Serialized files now loaded: 0)
System memory in use before: 66.1 MB.
System memory in use after: 65.5 MB.

Unloading 20 unused Assets to reduce memory usage. Loaded Objects now: 1729.
Total: 2.210700 ms (FindLiveObjects: 0.188700 ms CreateObjectMapping: 0.085500 ms MarkObjects: 1.632000 ms  DeleteObjects: 0.303500 ms)

========================================================================
Received Prepare
Registering precompiled user dll's ...
Registered in 0.239763 seconds.
Begin MonoManager ReloadAssembly
Native extension for WindowsStandalone target not found
Refreshing native plugins compatible for Editor in 0.22 ms, found 0 plugins.
Preloading 0 native plugins for Editor in 0.00 ms.
Invoked RoslynAnalysisRunner static constructor.
RoslynAnalysisRunner will not be running.
RoslynAnalysisRunner has terminated.
Mono: successfully reloaded assembly
- Completed reload, in  0.794 seconds
Platform modules already initialized, skipping
Refreshing native plugins compatible for Editor in 0.22 ms, found 0 plugins.
Preloading 0 native plugins for Editor in 0.00 ms.
Unloading 1260 Unused Serialized files (Serialized files now loaded: 0)
System memory in use before: 66.1 MB.
System memory in use after: 65.5 MB.

Unloading 20 unused Assets to reduce memory usage. Loaded Objects now: 1732.
Total: 3.439500 ms (FindLiveObjects: 0.188100 ms CreateObjectMapping: 0.043600 ms MarkObjects: 2.762700 ms  DeleteObjects: 0.418200 ms)

========================================================================
Received Prepare
Registering precompiled user dll's ...
Registered in 0.001347 seconds.
Begin MonoManager ReloadAssembly
Native extension for WindowsStandalone target not found
Refreshing native plugins compatible for Editor in 0.23 ms, found 0 plugins.
Preloading 0 native plugins for Editor in 0.00 ms.
Invoked RoslynAnalysisRunner static constructor.
RoslynAnalysisRunner will not be running.
RoslynAnalysisRunner has terminated.
Mono: successfully reloaded assembly
- Completed reload, in  0.793 seconds
Platform modules already initialized, skipping
Refreshing native plugins compatible for Editor in 0.21 ms, found 0 plugins.
Preloading 0 native plugins for Editor in 0.00 ms.
Unloading 1260 Unused Serialized files (Serialized files now loaded: 0)
System memory in use before: 66.1 MB.
System memory in use after: 65.5 MB.

Unloading 20 unused Assets to reduce memory usage. Loaded Objects now: 1735.
Total: 2.370000 ms (FindLiveObjects: 0.263600 ms CreateObjectMapping: 0.078600 ms MarkObjects: 1.720600 ms  DeleteObjects: 0.306100 ms)

AssetImportWorkerClient::OnTransportError - code=2 error=End of file
